<?xml version="1.0" encoding="UTF-8"?>
<testng-results skipped="0" failed="1" ignored="0" total="1" passed="0">
  <reporter-output>
  </reporter-output>
  <suite name="Default suite" duration-ms="260" started-at="2021-01-08T11:16:07Z" finished-at="2021-01-08T11:16:08Z">
    <groups>
    </groups>
    <test name="Default test" duration-ms="260" started-at="2021-01-08T11:16:07Z" finished-at="2021-01-08T11:16:08Z">
      <class name="com.orangehrm.demo.testcases.login.AutoITTest">
        <test-method status="PASS" signature="setUpFramework()[pri:0, instance:com.orangehrm.demo.testcases.login.AutoITTest@527740a2]" name="setUpFramework" is-config="true" duration-ms="292" started-at="2021-01-08T11:16:07Z" finished-at="2021-01-08T11:16:07Z">
          <reporter-output>
          </reporter-output>
        </test-method> <!-- setUpFramework -->
        <test-method status="PASS" signature="checkSuiteToRun()[pri:0, instance:com.orangehrm.demo.testcases.login.AutoITTest@527740a2]" name="checkSuiteToRun" is-config="true" duration-ms="607" started-at="2021-01-08T11:16:07Z" depends-on-methods="com.orangehrm.demo.testcases.BaseTest.setUpFramework" finished-at="2021-01-08T11:16:07Z">
          <reporter-output>
          </reporter-output>
        </test-method> <!-- checkSuiteToRun -->
        <test-method status="SKIP" signature="checkCaseToRun()[pri:0, instance:com.orangehrm.demo.testcases.login.AutoITTest@527740a2]" name="checkCaseToRun" is-config="true" duration-ms="32" started-at="2021-01-08T11:16:07Z" finished-at="2021-01-08T11:16:07Z">
          <exception class="org.testng.SkipException">
            <message>
              <![CDATA[AutoITTest's CaseToRun Flag Is 'N' Or Blank. So Skipping Execution Of AutoITTest]]>
            </message>
            <full-stacktrace>
              <![CDATA[org.testng.SkipException: AutoITTest's CaseToRun Flag Is 'N' Or Blank. So Skipping Execution Of AutoITTest
at com.orangehrm.demo.testcases.login.AutoITTest.checkCaseToRun(AutoITTest.java:65)
at sun.reflect.NativeMethodAccessorImpl.invoke0(Native Method)
at sun.reflect.NativeMethodAccessorImpl.invoke(NativeMethodAccessorImpl.java:62)
at sun.reflect.DelegatingMethodAccessorImpl.invoke(DelegatingMethodAccessorImpl.java:43)
at java.lang.reflect.Method.invoke(Method.java:498)
at org.testng.internal.MethodInvocationHelper.invokeMethod(MethodInvocationHelper.java:124)
at org.testng.internal.MethodInvocationHelper.invokeMethodConsideringTimeout(MethodInvocationHelper.java:59)
at org.testng.internal.Invoker.invokeConfigurationMethod(Invoker.java:458)
at org.testng.internal.Invoker.invokeConfigurations(Invoker.java:222)
at org.testng.internal.Invoker.invokeConfigurations(Invoker.java:142)
at org.testng.TestRunner.beforeRun(TestRunner.java:529)
at org.testng.TestRunner.run(TestRunner.java:497)
at org.testng.SuiteRunner.runTest(SuiteRunner.java:455)
at org.testng.SuiteRunner.runSequentially(SuiteRunner.java:450)
at org.testng.SuiteRunner.privateRun(SuiteRunner.java:415)
at org.testng.SuiteRunner.run(SuiteRunner.java:364)
at org.testng.SuiteRunnerWorker.runSuite(SuiteRunnerWorker.java:52)
at org.testng.SuiteRunnerWorker.run(SuiteRunnerWorker.java:84)
at org.testng.TestNG.runSuitesSequentially(TestNG.java:1208)
at org.testng.TestNG.runSuitesLocally(TestNG.java:1137)
at org.testng.TestNG.runSuites(TestNG.java:1049)
at org.testng.TestNG.run(TestNG.java:1017)
at org.testng.remote.AbstractRemoteTestNG.run(AbstractRemoteTestNG.java:115)
at org.testng.remote.RemoteTestNG.initAndRun(RemoteTestNG.java:251)
at org.testng.remote.RemoteTestNG.main(RemoteTestNG.java:77)
]]>
            </full-stacktrace>
          </exception> <!-- org.testng.SkipException -->
          <reporter-output>
          </reporter-output>
        </test-method> <!-- checkCaseToRun -->
        <test-method status="FAIL" signature="testLoginAdmin(java.lang.String, java.lang.String, java.lang.String, java.lang.String)[pri:0, instance:com.orangehrm.demo.testcases.login.AutoITTest@527740a2]" name="testLoginAdmin" duration-ms="0" started-at="2021-01-08T11:16:08Z" data-provider="LoginAdminTest" finished-at="2021-01-08T11:16:08Z">
          <exception class="org.testng.TestNGException">
            <message>
              <![CDATA[
Data Provider public java.lang.Object[][] com.orangehrm.demo.testcases.login.AutoITTest.getTestData() returned a null value]]>
            </message>
            <full-stacktrace>
              <![CDATA[org.testng.TestNGException: 
Data Provider public java.lang.Object[][] com.orangehrm.demo.testcases.login.AutoITTest.getTestData() returned a null value
at org.testng.internal.MethodInvocationHelper.invokeDataProvider(MethodInvocationHelper.java:133)
at org.testng.internal.Parameters.handleParameters(Parameters.java:706)
at org.testng.internal.ParameterHandler.handleParameters(ParameterHandler.java:49)
at org.testng.internal.ParameterHandler.createParameters(ParameterHandler.java:37)
at org.testng.internal.Invoker.invokeTestMethods(Invoker.java:924)
at org.testng.internal.TestMethodWorker.invokeTestMethods(TestMethodWorker.java:125)
at org.testng.internal.TestMethodWorker.run(TestMethodWorker.java:109)
at org.testng.TestRunner.privateRun(TestRunner.java:648)
at org.testng.TestRunner.run(TestRunner.java:505)
at org.testng.SuiteRunner.runTest(SuiteRunner.java:455)
at org.testng.SuiteRunner.runSequentially(SuiteRunner.java:450)
at org.testng.SuiteRunner.privateRun(SuiteRunner.java:415)
at org.testng.SuiteRunner.run(SuiteRunner.java:364)
at org.testng.SuiteRunnerWorker.runSuite(SuiteRunnerWorker.java:52)
at org.testng.SuiteRunnerWorker.run(SuiteRunnerWorker.java:84)
at org.testng.TestNG.runSuitesSequentially(TestNG.java:1208)
at org.testng.TestNG.runSuitesLocally(TestNG.java:1137)
at org.testng.TestNG.runSuites(TestNG.java:1049)
at org.testng.TestNG.run(TestNG.java:1017)
at org.testng.remote.AbstractRemoteTestNG.run(AbstractRemoteTestNG.java:115)
at org.testng.remote.RemoteTestNG.initAndRun(RemoteTestNG.java:251)
at org.testng.remote.RemoteTestNG.main(RemoteTestNG.java:77)
]]>
            </full-stacktrace>
          </exception> <!-- org.testng.TestNGException -->
          <reporter-output>
          </reporter-output>
        </test-method> <!-- testLoginAdmin -->
        <test-method status="SKIP" signature="closeBrowser()[pri:0, instance:com.orangehrm.demo.testcases.login.AutoITTest@527740a2]" name="closeBrowser" is-config="true" duration-ms="0" started-at="2021-01-08T11:16:08Z" finished-at="2021-01-08T11:16:08Z">
          <reporter-output>
          </reporter-output>
        </test-method> <!-- closeBrowser -->
        <test-method status="SKIP" signature="afterSuite()[pri:0, instance:com.orangehrm.demo.testcases.login.AutoITTest@527740a2]" name="afterSuite" is-config="true" duration-ms="0" started-at="2021-01-08T11:16:08Z" finished-at="2021-01-08T11:16:08Z">
          <reporter-output>
          </reporter-output>
        </test-method> <!-- afterSuite -->
      </class> <!-- com.orangehrm.demo.testcases.login.AutoITTest -->
    </test> <!-- Default test -->
  </suite> <!-- Default suite -->
</testng-results>
